0 verbose cli /usr/local/Cellar/node/23.7.0/bin/node /usr/local/bin/npm
1 info using npm@8.11.0
2 info using node@v23.7.0
3 timing npm:load:whichnode Completed in 0ms
4 timing config:load:defaults Completed in 2ms
5 timing config:load:file:/usr/local/lib/node_modules/npm/npmrc Completed in 1ms
6 timing config:load:builtin Completed in 1ms
7 timing config:load:cli Completed in 1ms
8 timing config:load:env Completed in 0ms
9 timing config:load:file:/Users/neha/Desktop/payout/.npmrc Completed in 1ms
10 timing config:load:project Completed in 3ms
11 timing config:load:file:/Users/neha/.npmrc Completed in 0ms
12 timing config:load:user Completed in 0ms
13 timing config:load:file:/usr/local/Cellar/node/23.7.0/etc/npmrc Completed in 0ms
14 timing config:load:global Completed in 0ms
15 timing config:load:validate Completed in 1ms
16 timing config:load:credentials Completed in 0ms
17 timing config:load:setEnvs Completed in 1ms
18 timing config:load Completed in 11ms
19 timing npm:load:configload Completed in 11ms
20 timing npm:load:mkdirpcache Completed in 5ms
21 timing npm:load:mkdirplogs Completed in 1ms
22 verbose title npm run lint
23 verbose argv "run" "lint"
24 timing npm:load:setTitle Completed in 1ms
25 timing config:load:flatten Completed in 2ms
26 timing npm:load:display Completed in 3ms
27 verbose logfile logs-max:10 dir:/Users/neha/Desktop/payout/.npm-cache/_logs
28 verbose logfile /Users/neha/Desktop/payout/.npm-cache/_logs/2025-11-04T03_32_29_347Z-debug-0.log
29 timing npm:load:logFile Completed in 5ms
30 timing npm:load:timers Completed in 0ms
31 timing npm:load:configScope Completed in 0ms
32 timing npm:load Completed in 26ms
33 silly logfile done cleaning log files
34 timing command:run Completed in 2486ms
35 verbose exit 1
36 timing npm Completed in 2519ms
37 verbose code 1
